<?xml version="1.0" encoding="UTF-8"?>
<testsuite xmlns:xsi="http://www.w3.org/2001/XMLSchema-instance" xsi:noNamespaceSchemaLocation="https://maven.apache.org/surefire/maven-surefire-plugin/xsd/surefire-test-report-3.0.xsd" version="3.0" name="com.baufest.demo.CalculadoraTest" time="0.122" tests="5" errors="0" skipped="0" failures="0">
  <properties>
[...]
</properties>
  <testcase name="deberiaDividirDosNumeros" classname="com.baufest.demo.CalculadoraTest" time="0.056"/>
  <testcase name="deberiaLanzarErrorAlDividirPorCero" classname="com.baufest.demo.CalculadoraTest" time="0.005"/>
  <testcase name="deberiaMultiplicarDosNumeros" classname="com.baufest.demo.CalculadoraTest" time="0.003"/>
  <testcase name="deberiaRestarDosNumeros" classname="com.baufest.demo.CalculadoraTest" time="0.002"/>
  <testcase name="deberiaSumarDosNumeros" classname="com.baufest.demo.CalculadoraTest" time="0.003"/>
</testsuite>